<?xml version="1.0" encoding="UTF-8"?>
<testsuite xmlns:xsi="http://www.w3.org/2001/XMLSchema-instance" xsi:noNamespaceSchemaLocation="https://maven.apache.org/surefire/maven-surefire-plugin/xsd/surefire-test-report-3.0.xsd" version="3.0" name="CosmeticProductTest" time="0.049" tests="14" errors="0" skipped="0" failures="0">
  <properties>
[...]
</properties>
  <testcase name="setPrice_ValidPrice_UpdatesPrice" classname="CosmeticProductTest" time="0.014"/>
  <testcase name="applyDiscount_DiscountOver100_ThrowsException" classname="CosmeticProductTest" time="0.001"/>
  <testcase name="applyDiscount_ValidDiscount_CalculatesCorrectPrice" classname="CosmeticProductTest" time="0.0"/>
  <testcase name="constructor_WithoutStock_ValidParameters_SetsFieldsCorrectly" classname="CosmeticProductTest" time="0.001"/>
  <testcase name="setStock_ValidStock_UpdatesStock" classname="CosmeticProductTest" time="0.001"/>
  <testcase name="toString_ValidProduct_ReturnsFormattedString" classname="CosmeticProductTest" time="0.002"/>
  <testcase name="applyDiscount_FullDiscount_ReturnsZeroPrice" classname="CosmeticProductTest" time="0.0"/>
  <testcase name="applyDiscount_ZeroDiscount_ReturnsOriginalPrice" classname="CosmeticProductTest" time="0.0"/>
  <testcase name="constructor_InvalidBrand_ThrowsException" classname="CosmeticProductTest" time="0.001"/>
  <testcase name="constructor_WithStock_ValidParameters_SetsFieldsCorrectly" classname="CosmeticProductTest" time="0.0"/>
  <testcase name="decrementStock_ValidStock_DecrementsByOne" classname="CosmeticProductTest" time="0.0"/>
  <testcase name="thereIsStock_StockPositive_ReturnsTrue" classname="CosmeticProductTest" time="0.001"/>
  <testcase name="getBrand_ReturnsCorrectBrand" classname="CosmeticProductTest" time="0.001"/>
  <testcase name="applyDiscount_NegativeDiscount_ThrowsException" classname="CosmeticProductTest" time="0.001"/>
</testsuite>