<?xml version="1.0" encoding="UTF-8"?>
<testsuite xmlns:xsi="http://www.w3.org/2001/XMLSchema-instance" xsi:noNamespaceSchemaLocation="https://maven.apache.org/surefire/maven-surefire-plugin/xsd/surefire-test-report-3.0.xsd" version="3.0" name="UtilsIOTest" time="0.087" tests="42" errors="0" skipped="0" failures="0">
  <properties>
[...]
</properties>
  <testcase name="testAskForIntegerOKIfMessageNull" classname="UtilsIOTest" time="0.015">
    <system-out><![CDATA[Introdueixi un valor enter
]]></system-out>
  </testcase>
  <testcase name="testAskForIntegerOKIfMessageEmpty" classname="UtilsIOTest" time="0.001">
    <system-out><![CDATA[Introdueixi un valor enter
]]></system-out>
  </testcase>
  <testcase name="testShowSupermarkets_listWithoutIncorrectColumns_NoException" classname="UtilsIOTest" time="0.001">
    <system-out><![CDATA[

SUPERMARKET                   CITY                            LONGITUDE   LATITUDE
-----------------------------------------------------------------------------------
]]></system-out>
  </testcase>
  <testcase name="testAskForFloatOKIfMessageEmpty" classname="UtilsIOTest" time="0.003">
    <system-out><![CDATA[Introdueixi un valor amb decimals per l'opció
]]></system-out>
  </testcase>
  <testcase name="testAskForFloatNotOkIfString" classname="UtilsIOTest" time="0.005">
    <system-out><![CDATA[Introdueixi alguna cosa
Error en la entrada
Introdueixi alguna cosa
Error en la entrada
Introdueixi alguna cosa
Error en la entrada
Introdueixi alguna cosa
Error en la entrada
Introdueixi alguna cosa
Error en la entrada
Introdueixi alguna cosa
]]></system-out>
  </testcase>
  <testcase name="testShowAnyMessage_headerNull_NoException" classname="UtilsIOTest" time="0.001"/>
  <testcase name="testShowInfo_contentNull_EmptoyOutput" classname="UtilsIOTest" time="0.002"/>
  <testcase name="testAskForStringOKIfErrorMessageNull" classname="UtilsIOTest" time="0.001"/>
  <testcase name="testShowMenu_contentNull_EmptoyOutput" classname="UtilsIOTest" time="0.001"/>
  <testcase name="testAskForFloatOKIfErrorMessageEmpty" classname="UtilsIOTest" time="0.001"/>
  <testcase name="testAskForStringNotOKIfEmpty" classname="UtilsIOTest" time="0.0"/>
  <testcase name="testShowAnyMessage_HeaderAndContentNull_NoOutput" classname="UtilsIOTest" time="0.0"/>
  <testcase name="testAskForIntegerOKIfErrorMessageEmpty" classname="UtilsIOTest" time="0.001"/>
  <testcase name="testAskForStringOK" classname="UtilsIOTest" time="0.0"/>
  <testcase name="testShowAnyMessage_contentEmpty_NoException" classname="UtilsIOTest" time="0.001"/>
  <testcase name="testAskForIntegerNotOKIfString" classname="UtilsIOTest" time="0.001"/>
  <testcase name="testShowMenu_contentNull_NoException" classname="UtilsIOTest" time="0.001"/>
  <testcase name="testShowInfo_contentEmpty_EmptoyOutput" classname="UtilsIOTest" time="0.001"/>
  <testcase name="testAskForStringOKIfMessageNull" classname="UtilsIOTest" time="0.0"/>
  <testcase name="testShowSupermarkets_listEmpty_NoException" classname="UtilsIOTest" time="0.0"/>
  <testcase name="testShowInfo_contentNull_NoException" classname="UtilsIOTest" time="0.001"/>
  <testcase name="testAskForStringOKIfMessageEmpty" classname="UtilsIOTest" time="0.002"/>
  <testcase name="testShowSupermarkets_listNull_NoException" classname="UtilsIOTest" time="0.0"/>
  <testcase name="testAskForFloatOKIfErrorMessageNull" classname="UtilsIOTest" time="0.001"/>
  <testcase name="testShowError_contentEmpty_EmptoyOutput" classname="UtilsIOTest" time="0.0"/>
  <testcase name="testShowError_contentEmpty_NoException" classname="UtilsIOTest" time="0.0"/>
  <testcase name="testAskForFloatOK" classname="UtilsIOTest" time="0.001"/>
  <testcase name="testShowAnyMessage_HeaderAndContentEmpty_NoOutput" classname="UtilsIOTest" time="0.0"/>
  <testcase name="testAskForIntegerNotOKIfFloat" classname="UtilsIOTest" time="0.001"/>
  <testcase name="testAskForIntegerOK" classname="UtilsIOTest" time="0.0"/>
  <testcase name="testShowSupermarkets_IncorrectFloatFormat_NoException" classname="UtilsIOTest" time="0.0"/>
  <testcase name="testAskForIntegerOKIfErrorMessageNull" classname="UtilsIOTest" time="0.001"/>
  <testcase name="testShowInfo_contentEmpty_NoException" classname="UtilsIOTest" time="0.0"/>
  <testcase name="testShowMenu_contentEmpty_NoException" classname="UtilsIOTest" time="0.0"/>
  <testcase name="testShowMenu_contentEmpty_EmptoyOutput" classname="UtilsIOTest" time="0.001"/>
  <testcase name="testAskForStringOKIfErrorMessageEmpty" classname="UtilsIOTest" time="0.0"/>
  <testcase name="testShowSupermarkets_listWithoutData_NoException" classname="UtilsIOTest" time="0.001"/>
  <testcase name="testShowAnyMessage_contentNull_NoException" classname="UtilsIOTest" time="0.0"/>
  <testcase name="testShowError_contentNull_EmptoyOutput" classname="UtilsIOTest" time="0.001"/>
  <testcase name="testAskForFloatOKIfMessageNull" classname="UtilsIOTest" time="0.001"/>
  <testcase name="testShowAnyMessage_headerEmpty_NoException" classname="UtilsIOTest" time="0.001"/>
  <testcase name="testShowError_contentNull_NoException" classname="UtilsIOTest" time="0.0"/>
</testsuite>